./sdriver.pl -t trace01.txt -s ./tsh -a "-p"
#
# trace01.txt - Properly terminate on EOF.
#
./sdriver.pl -t trace02.txt -s ./tsh -a "-p"
#
# trace02.txt - Process builtin quit command.
#
./sdriver.pl -t trace03.txt -s ./tsh -a "-p"
#
# trace03.txt - Run a foreground job.
#
tsh> quit
./sdriver.pl -t trace04.txt -s ./tsh -a "-p"
#
# trace04.txt - Run a background job.
#
tsh> ./myspin 1 &
[1] (5839) ./myspin 1 &
./sdriver.pl -t trace05.txt -s ./tsh -a "-p"
#
# trace05.txt - Process jobs builtin command.
#
tsh> ./myspin 2 &
[1] (5845) ./myspin 2 &
tsh> ./myspin 3 &
[2] (5847) ./myspin 3 &
tsh> jobs
[1] (5845) Running ./myspin 2 &
[2] (5847) Running ./myspin 3 &
./sdriver.pl -t trace06.txt -s ./tsh -a "-p"
#
# trace06.txt - Forward SIGINT to foreground job.
#
tsh> ./myspin 4
Job [1] (5854) terminated by signal 2
./sdriver.pl -t trace07.txt -s ./tsh -a "-p"
#
# trace07.txt - Forward SIGINT only to foreground job.
#
tsh> ./myspin 4 &
[1] (5860) ./myspin 4 &
tsh> ./myspin 5
Job [2] (5862) terminated by signal 2
tsh> jobs
[1] (5860) Running ./myspin 4 &
./sdriver.pl -t trace08.txt -s ./tsh -a "-p"
#
# trace08.txt - Forward SIGTSTP only to foreground job.
#
tsh> ./myspin 4 &
[1] (5869) ./myspin 4 &
tsh> ./myspin 5
Job [2] (5871) stopped by signal 20
tsh> jobs
[1] (5869) Running ./myspin 4 &
[2] (5871) Stopped ./myspin 5 
./sdriver.pl -t trace09.txt -s ./tsh -a "-p"
#
# trace09.txt - Process bg builtin command
#
tsh> ./myspin 4 &
[1] (5878) ./myspin 4 &
tsh> ./myspin 5
Job [2] (5880) stopped by signal 20
tsh> jobs
[1] (5878) Running ./myspin 4 &
[2] (5880) Stopped ./myspin 5 
tsh> bg %2
[2] (5880) ./myspin 5 
tsh> jobs
[1] (5878) Running ./myspin 4 &
[2] (5880) Running ./myspin 5 
./sdriver.pl -t trace10.txt -s ./tsh -a "-p"
#
# trace10.txt - Process fg builtin command. 
#
tsh> ./myspin 4 &
[1] (5889) ./myspin 4 &
tsh> fg %1
Job [1] (5889) stopped by signal 20
tsh> jobs
[1] (5889) Stopped ./myspin 4 &
tsh> fg %1
tsh> jobs
./sdriver.pl -t trace11.txt -s ./tsh -a "-p"
#
# trace11.txt - Forward SIGINT to every process in foreground process group
#
tsh> ./mysplit 4
Job [1] (5899) terminated by signal 2
tsh> /bin/ps a
  PID TTY      STAT   TIME COMMAND
 1029 tty4     Ss+    0:00 /sbin/getty -8 38400 tty4
 1039 tty5     Ss+    0:00 /sbin/getty -8 38400 tty5
 1165 tty2     Ss+    0:00 /sbin/getty -8 38400 tty2
 1166 tty3     Ss+    0:00 /sbin/getty -8 38400 tty3
 1168 tty6     Ss+    0:00 /sbin/getty -8 38400 tty6
 1200 tty7     Ss+   30:48 /usr/bin/X :0 -auth /var/run/lightdm/root/:0 -nolisten tcp vt7 -novtswitch -background none
 1426 tty1     Ss+    0:00 /sbin/getty -8 38400 tty1
 5820 pts/3    S+     0:00 /bin/bash ./test.sh
 5894 pts/3    S+     0:00 make test11
 5895 pts/3    S+     0:00 /bin/sh -c ./sdriver.pl -t trace11.txt -s ./tsh -a "-p"
 5896 pts/3    S+     0:00 /usr/bin/perl ./sdriver.pl -t trace11.txt -s ./tsh -a -p
 5897 pts/3    S+     0:00 ./tsh -p
 5902 pts/3    R      0:00 /bin/ps a
23922 pts/3    Ss     0:03 bash
29339 pts/3    Sl    14:53 /usr/lib/firefox/firefox
29504 pts/3    Sl     3:35 /usr/lib/firefox/plugin-container /usr/lib/adobe-flashplugin/libflashplayer.so -greomni /usr/lib/firefox/omni.ja -appomni /usr/lib/firefox/browser/omni.ja -appdir /usr/lib/firefox/browser 29339 false plugin
29552 pts/3    Sl     0:04 evince /home/chad/Programming/c/4400/lab/lab4/shlab.pdf
./sdriver.pl -t trace12.txt -s ./tsh -a "-p"
#
# trace12.txt - Forward SIGTSTP to every process in foreground process group
#
tsh> ./mysplit 4
Job [1] (5909) stopped by signal 20
tsh> jobs
[1] (5909) Stopped ./mysplit 4 
tsh> /bin/ps a
  PID TTY      STAT   TIME COMMAND
 1029 tty4     Ss+    0:00 /sbin/getty -8 38400 tty4
 1039 tty5     Ss+    0:00 /sbin/getty -8 38400 tty5
 1165 tty2     Ss+    0:00 /sbin/getty -8 38400 tty2
 1166 tty3     Ss+    0:00 /sbin/getty -8 38400 tty3
 1168 tty6     Ss+    0:00 /sbin/getty -8 38400 tty6
 1200 tty7     Ss+   30:48 /usr/bin/X :0 -auth /var/run/lightdm/root/:0 -nolisten tcp vt7 -novtswitch -background none
 1426 tty1     Ss+    0:00 /sbin/getty -8 38400 tty1
 5820 pts/3    S+     0:00 /bin/bash ./test.sh
 5903 pts/3    S+     0:00 make test12
 5904 pts/3    S+     0:00 /bin/sh -c ./sdriver.pl -t trace12.txt -s ./tsh -a "-p"
 5905 pts/3    S+     0:00 /usr/bin/perl ./sdriver.pl -t trace12.txt -s ./tsh -a -p
 5907 pts/3    S+     0:00 ./tsh -p
 5909 pts/3    T      0:00 ./mysplit 4
 5910 pts/3    T      0:00 ./mysplit 4
 5913 pts/3    R      0:00 /bin/ps a
23922 pts/3    Ss     0:03 bash
29339 pts/3    Sl    14:53 /usr/lib/firefox/firefox
29504 pts/3    Sl     3:35 /usr/lib/firefox/plugin-container /usr/lib/adobe-flashplugin/libflashplayer.so -greomni /usr/lib/firefox/omni.ja -appomni /usr/lib/firefox/browser/omni.ja -appdir /usr/lib/firefox/browser 29339 false plugin
29552 pts/3    Sl     0:04 evince /home/chad/Programming/c/4400/lab/lab4/shlab.pdf
./sdriver.pl -t trace13.txt -s ./tsh -a "-p"
#
# trace13.txt - Restart every stopped process in process group
#
tsh> ./mysplit 4
Job [1] (5919) stopped by signal 20
tsh> jobs
[1] (5919) Stopped ./mysplit 4 
tsh> /bin/ps a
  PID TTY      STAT   TIME COMMAND
 1029 tty4     Ss+    0:00 /sbin/getty -8 38400 tty4
 1039 tty5     Ss+    0:00 /sbin/getty -8 38400 tty5
 1165 tty2     Ss+    0:00 /sbin/getty -8 38400 tty2
 1166 tty3     Ss+    0:00 /sbin/getty -8 38400 tty3
 1168 tty6     Ss+    0:00 /sbin/getty -8 38400 tty6
 1200 tty7     Ss+   30:48 /usr/bin/X :0 -auth /var/run/lightdm/root/:0 -nolisten tcp vt7 -novtswitch -background none
 1426 tty1     Ss+    0:00 /sbin/getty -8 38400 tty1
 5820 pts/3    S+     0:00 /bin/bash ./test.sh
 5914 pts/3    S+     0:00 make test13
 5915 pts/3    S+     0:00 /bin/sh -c ./sdriver.pl -t trace13.txt -s ./tsh -a "-p"
 5916 pts/3    S+     0:00 /usr/bin/perl ./sdriver.pl -t trace13.txt -s ./tsh -a -p
 5917 pts/3    S+     0:00 ./tsh -p
 5919 pts/3    T      0:00 ./mysplit 4
 5920 pts/3    T      0:00 ./mysplit 4
 5923 pts/3    R      0:00 /bin/ps a
23922 pts/3    Ss     0:03 bash
29339 pts/3    Sl    14:53 /usr/lib/firefox/firefox
29504 pts/3    Sl     3:35 /usr/lib/firefox/plugin-container /usr/lib/adobe-flashplugin/libflashplayer.so -greomni /usr/lib/firefox/omni.ja -appomni /usr/lib/firefox/browser/omni.ja -appdir /usr/lib/firefox/browser 29339 false plugin
29552 pts/3    Sl     0:04 evince /home/chad/Programming/c/4400/lab/lab4/shlab.pdf
tsh> fg %1
tsh> /bin/ps a
  PID TTY      STAT   TIME COMMAND
 1029 tty4     Ss+    0:00 /sbin/getty -8 38400 tty4
 1039 tty5     Ss+    0:00 /sbin/getty -8 38400 tty5
 1165 tty2     Ss+    0:00 /sbin/getty -8 38400 tty2
 1166 tty3     Ss+    0:00 /sbin/getty -8 38400 tty3
 1168 tty6     Ss+    0:00 /sbin/getty -8 38400 tty6
 1200 tty7     Ss+   30:48 /usr/bin/X :0 -auth /var/run/lightdm/root/:0 -nolisten tcp vt7 -novtswitch -background none
 1426 tty1     Ss+    0:00 /sbin/getty -8 38400 tty1
 5820 pts/3    S+     0:00 /bin/bash ./test.sh
 5914 pts/3    S+     0:00 make test13
 5915 pts/3    S+     0:00 /bin/sh -c ./sdriver.pl -t trace13.txt -s ./tsh -a "-p"
 5916 pts/3    S+     0:00 /usr/bin/perl ./sdriver.pl -t trace13.txt -s ./tsh -a -p
 5917 pts/3    S+     0:00 ./tsh -p
 5926 pts/3    R      0:00 /bin/ps a
23922 pts/3    Ss     0:03 bash
29339 pts/3    Sl    14:53 /usr/lib/firefox/firefox
29504 pts/3    Sl     3:35 /usr/lib/firefox/plugin-container /usr/lib/adobe-flashplugin/libflashplayer.so -greomni /usr/lib/firefox/omni.ja -appomni /usr/lib/firefox/browser/omni.ja -appdir /usr/lib/firefox/browser 29339 false plugin
29552 pts/3    Sl     0:04 evince /home/chad/Programming/c/4400/lab/lab4/shlab.pdf
./sdriver.pl -t trace14.txt -s ./tsh -a "-p"
#
# trace14.txt - Simple error handling
#
tsh> ./bogus
./bogus: Command not found
tsh> ./myspin 4 &
[1] (5934) ./myspin 4 &
tsh> fg
fg command requires PID or %jobid argument
tsh> bg
bg command requires PID or %jobid argument
tsh> fg a
fg: argument must be a PID or %jobid
tsh> bg a
bg: argument must be a PID or %jobid
tsh> fg 9999999
(9999999): No such process
tsh> bg 9999999
(9999999): No such process
tsh> fg %2
%2: No such job
tsh> fg %1
Job [1] (5934) stopped by signal 20
tsh> bg %2
%2: No such job
tsh> bg %1
[1] (5934) ./myspin 4 &
tsh> jobs
[1] (5934) Running ./myspin 4 &
./sdriver.pl -t trace15.txt -s ./tsh -a "-p"
#
# trace15.txt - Putting it all together
#
tsh> ./bogus
./bogus: Command not found
tsh> ./myspin 10
Job [1] (5953) terminated by signal 2
tsh> ./myspin 3 &
[1] (5956) ./myspin 3 &
tsh> ./myspin 4 &
[2] (5958) ./myspin 4 &
tsh> jobs
[1] (5956) Running ./myspin 3 &
[2] (5958) Running ./myspin 4 &
tsh> fg %1
Job [1] (5956) stopped by signal 20
tsh> jobs
[1] (5956) Stopped ./myspin 3 &
[2] (5958) Running ./myspin 4 &
tsh> bg %3
%3: No such job
tsh> bg %1
[1] (5956) ./myspin 3 &
tsh> jobs
[1] (5956) Running ./myspin 3 &
[2] (5958) Running ./myspin 4 &
tsh> fg %1
tsh> quit
./sdriver.pl -t trace16.txt -s ./tsh -a "-p"
#
# trace16.txt - Tests whether the shell can handle SIGTSTP and SIGINT
#     signals that come from other processes instead of the terminal.
#
tsh> ./mystop 2
Job [1] (5972) stopped by signal 20
tsh> jobs
[1] (5972) Stopped ./mystop 2
tsh> ./myint 2
Job [2] (5975) terminated by signal 2
